<?xml version="1.0" encoding="UTF-8"?>
<testsuite xmlns:xsi="http://www.w3.org/2001/XMLSchema-instance" xsi:noNamespaceSchemaLocation="https://maven.apache.org/surefire/maven-surefire-plugin/xsd/surefire-test-report.xsd" name="com.bridgelabz.test.MoodAnalyser.MoodAnalyserTest" time="0.047" tests="4" errors="1" skipped="0" failures="1">
  <properties>
    <property name="sun.desktop" value="gnome"/>
    <property name="awt.toolkit" value="sun.awt.X11.XToolkit"/>
    <property name="java.specification.version" value="11"/>
    <property name="sun.cpu.isalist" value=""/>
    <property name="sun.jnu.encoding" value="UTF-8"/>
    <property name="java.class.path" value="/home/annie/eclipse-workspace/MoodAnalyser/target/test-classes:/home/annie/eclipse-workspace/MoodAnalyser/target/classes:/home/annie/.m2/repository/junit/junit/4.11/junit-4.11.jar:/home/annie/.m2/repository/org/hamcrest/hamcrest-core/1.3/hamcrest-core-1.3.jar:"/>
    <property name="java.vm.vendor" value="Ubuntu"/>
    <property name="sun.arch.data.model" value="64"/>
    <property name="java.vendor.url" value="https://ubuntu.com/"/>
    <property name="user.timezone" value=""/>
    <property name="java.vm.specification.version" value="11"/>
    <property name="os.name" value="Linux"/>
    <property name="sun.java.launcher" value="SUN_STANDARD"/>
    <property name="user.country" value="IN"/>
    <property name="sun.boot.library.path" value="/usr/lib/jvm/java-11-openjdk-amd64/lib"/>
    <property name="sun.java.command" value="/home/annie/eclipse-workspace/MoodAnalyser/target/surefire/surefirebooter4347499324456138697.jar /home/annie/eclipse-workspace/MoodAnalyser/target/surefire 2020-09-30T19-54-02_588-jvmRun1 surefire11366115443526243181tmp surefire_09231622565592258310tmp"/>
    <property name="jdk.debug" value="release"/>
    <property name="surefire.test.class.path" value="/home/annie/eclipse-workspace/MoodAnalyser/target/test-classes:/home/annie/eclipse-workspace/MoodAnalyser/target/classes:/home/annie/.m2/repository/junit/junit/4.11/junit-4.11.jar:/home/annie/.m2/repository/org/hamcrest/hamcrest-core/1.3/hamcrest-core-1.3.jar:"/>
    <property name="sun.cpu.endian" value="little"/>
    <property name="user.home" value="/home/annie"/>
    <property name="user.language" value="en"/>
    <property name="java.specification.vendor" value="Oracle Corporation"/>
    <property name="java.version.date" value="2020-07-14"/>
    <property name="java.home" value="/usr/lib/jvm/java-11-openjdk-amd64"/>
    <property name="file.separator" value="/"/>
    <property name="basedir" value="/home/annie/eclipse-workspace/MoodAnalyser"/>
    <property name="java.vm.compressedOopsMode" value="32-bit"/>
    <property name="line.separator" value="&#10;"/>
    <property name="java.specification.name" value="Java Platform API Specification"/>
    <property name="java.vm.specification.vendor" value="Oracle Corporation"/>
    <property name="java.awt.graphicsenv" value="sun.awt.X11GraphicsEnvironment"/>
    <property name="surefire.real.class.path" value="/home/annie/eclipse-workspace/MoodAnalyser/target/surefire/surefirebooter4347499324456138697.jar"/>
    <property name="sun.management.compiler" value="HotSpot 64-Bit Tiered Compilers"/>
    <property name="java.runtime.version" value="11.0.8+10-post-Ubuntu-0ubuntu118.04.1"/>
    <property name="user.name" value="annie"/>
    <property name="path.separator" value=":"/>
    <property name="os.version" value="5.4.0-48-generic"/>
    <property name="java.runtime.name" value="OpenJDK Runtime Environment"/>
    <property name="file.encoding" value="UTF-8"/>
    <property name="java.vm.name" value="OpenJDK 64-Bit Server VM"/>
    <property name="localRepository" value="/home/annie/.m2/repository"/>
    <property name="java.vendor.url.bug" value="https://bugs.launchpad.net/ubuntu/+source/openjdk-lts"/>
    <property name="java.io.tmpdir" value="/tmp"/>
    <property name="java.version" value="11.0.8"/>
    <property name="user.dir" value="/home/annie/eclipse-workspace/MoodAnalyser"/>
    <property name="os.arch" value="amd64"/>
    <property name="java.vm.specification.name" value="Java Virtual Machine Specification"/>
    <property name="java.awt.printerjob" value="sun.print.PSPrinterJob"/>
    <property name="sun.os.patch.level" value="unknown"/>
    <property name="java.library.path" value="/usr/java/packages/lib:/usr/lib/x86_64-linux-gnu/jni:/lib/x86_64-linux-gnu:/usr/lib/x86_64-linux-gnu:/usr/lib/jni:/lib:/usr/lib"/>
    <property name="java.vm.info" value="mixed mode, sharing"/>
    <property name="java.vendor" value="Ubuntu"/>
    <property name="java.vm.version" value="11.0.8+10-post-Ubuntu-0ubuntu118.04.1"/>
    <property name="sun.io.unicode.encoding" value="UnicodeLittle"/>
    <property name="java.class.version" value="55.0"/>
  </properties>
  <testcase name="givenMessage_whenEmpty_shouldReturnException" classname="com.bridgelabz.test.MoodAnalyser.MoodAnalyserTest" time="0.016">
    <failure message="Values should be different. Actual: HAPPY" type="java.lang.AssertionError">java.lang.AssertionError: Values should be different. Actual: HAPPY
	at com.bridgelabz.test.MoodAnalyser.MoodAnalyserTest.givenMessage_whenEmpty_shouldReturnException(MoodAnalyserTest.java:45)
</failure>
    <system-out><![CDATA[HAPPY
]]></system-out>
  </testcase>
  <testcase name="givenMessage_whenAnyMood_shouldReturnHappy" classname="com.bridgelabz.test.MoodAnalyser.MoodAnalyserTest" time="0"/>
  <testcase name="givenMessage_whenSad_shouldReturnSad" classname="com.bridgelabz.test.MoodAnalyser.MoodAnalyserTest" time="0"/>
  <testcase name="givenMessage_whenNull_shouldReturnException" classname="com.bridgelabz.test.MoodAnalyser.MoodAnalyserTest" time="0.004">
    <error message="Invalid mood entered" type="com.bridgelabz.test.MoodAnalyser.MoodAnalysisException">com.bridgelabz.test.MoodAnalyser.MoodAnalysisException: Invalid mood entered
	at com.bridgelabz.test.MoodAnalyser.MoodAnalyserTest.givenMessage_whenNull_shouldReturnException(MoodAnalyserTest.java:36)
</error>
  </testcase>
</testsuite>